<?xml version="1.0" encoding="UTF-8"?>
<testng-results ignored="0" total="2" passed="2" failed="0" skipped="0">
  <reporter-output>
  </reporter-output>
  <suite started-at="2026-03-14T10:15:16 IST" name="Suite" finished-at="2026-03-14T10:15:21 IST" duration-ms="5015">
    <groups>
    </groups>
    <test started-at="2026-03-14T10:15:16 IST" name="Test" finished-at="2026-03-14T10:15:21 IST" duration-ms="5015">
      <class name="code.GoogleTitleTest">
        <test-method signature="LoginTest()[pri:0, instance:code.GoogleTitleTest@1b7cc17c]" started-at="2026-03-14T10:15:16 IST" name="LoginTest" finished-at="2026-03-14T10:15:19 IST" duration-ms="2873" status="PASS">
          <reporter-output>
          </reporter-output>
        </test-method> <!-- LoginTest -->
      </class> <!-- code.GoogleTitleTest -->
      <class name="code.InstagramTest">
        <test-method signature="LoginTests()[pri:0, instance:code.InstagramTest@747ddf94]" started-at="2026-03-14T10:15:19 IST" name="LoginTests" finished-at="2026-03-14T10:15:21 IST" duration-ms="2109" status="PASS">
          <reporter-output>
          </reporter-output>
        </test-method> <!-- LoginTests -->
      </class> <!-- code.InstagramTest -->
    </test> <!-- Test -->
  </suite> <!-- Suite -->
</testng-results>
