<?xml version="1.0" encoding="UTF-8"?>
<testng-results ignored="0" total="4" passed="4" failed="0" skipped="0">
  <reporter-output>
  </reporter-output>
  <suite started-at="2026-03-18T14:31:13 IST" name="Suite" finished-at="2026-03-18T14:31:37 IST" duration-ms="23667">
    <groups>
    </groups>
    <test started-at="2026-03-18T14:31:13 IST" name="Test2" finished-at="2026-03-18T14:31:27 IST" duration-ms="13049">
      <class name="code.GoogleTitleTest">
        <test-method is-config="true" signature="setUp(java.lang.String)[pri:0, instance:code.GoogleTitleTest@489115ef]" started-at="2026-03-18T14:31:14 IST" name="setUp" finished-at="2026-03-18T14:31:17 IST" duration-ms="3069" status="PASS">
          <params>
            <param index="0">
              <value>
                <![CDATA[chrome]]>
              </value>
            </param>
          </params>
          <reporter-output>
          </reporter-output>
        </test-method> <!-- setUp -->
        <test-method signature="LoginTest()[pri:0, instance:code.GoogleTitleTest@489115ef]" started-at="2026-03-18T14:31:17 IST" name="LoginTest" finished-at="2026-03-18T14:31:19 IST" duration-ms="2022" status="PASS">
          <reporter-output>
          </reporter-output>
        </test-method> <!-- LoginTest -->
        <test-method is-config="true" signature="tearDown()[pri:0, instance:code.GoogleTitleTest@489115ef]" started-at="2026-03-18T14:31:19 IST" name="tearDown" finished-at="2026-03-18T14:31:19 IST" duration-ms="0" status="PASS">
          <reporter-output>
          </reporter-output>
        </test-method> <!-- tearDown -->
      </class> <!-- code.GoogleTitleTest -->
      <class name="code.InstagramTest">
        <test-method is-config="true" signature="setUp(java.lang.String)[pri:0, instance:code.InstagramTest@3857f613]" started-at="2026-03-18T14:31:19 IST" name="setUp" finished-at="2026-03-18T14:31:25 IST" duration-ms="6228" status="PASS">
          <params>
            <param index="0">
              <value>
                <![CDATA[chrome]]>
              </value>
            </param>
          </params>
          <reporter-output>
          </reporter-output>
        </test-method> <!-- setUp -->
        <test-method signature="LoginTests()[pri:0, instance:code.InstagramTest@3857f613]" started-at="2026-03-18T14:31:25 IST" name="LoginTests" finished-at="2026-03-18T14:31:27 IST" duration-ms="1693" status="PASS">
          <reporter-output>
          </reporter-output>
        </test-method> <!-- LoginTests -->
        <test-method is-config="true" signature="tearDown()[pri:0, instance:code.InstagramTest@3857f613]" started-at="2026-03-18T14:31:27 IST" name="tearDown" finished-at="2026-03-18T14:31:27 IST" duration-ms="1" status="PASS">
          <reporter-output>
          </reporter-output>
        </test-method> <!-- tearDown -->
      </class> <!-- code.InstagramTest -->
    </test> <!-- Test2 -->
    <test started-at="2026-03-18T14:31:13 IST" name="Test1" finished-at="2026-03-18T14:31:37 IST" duration-ms="23667">
      <class name="code.GoogleTitleTest">
        <test-method is-config="true" signature="setUp(java.lang.String)[pri:0, instance:code.GoogleTitleTest@51399530]" started-at="2026-03-18T14:31:14 IST" name="setUp" finished-at="2026-03-18T14:31:26 IST" duration-ms="12045" status="PASS">
          <params>
            <param index="0">
              <value>
                <![CDATA[firefox]]>
              </value>
            </param>
          </params>
          <reporter-output>
          </reporter-output>
        </test-method> <!-- setUp -->
        <test-method signature="LoginTest()[pri:0, instance:code.GoogleTitleTest@51399530]" started-at="2026-03-18T14:31:26 IST" name="LoginTest" finished-at="2026-03-18T14:31:27 IST" duration-ms="1795" status="PASS">
          <reporter-output>
          </reporter-output>
        </test-method> <!-- LoginTest -->
        <test-method is-config="true" signature="tearDown()[pri:0, instance:code.GoogleTitleTest@51399530]" started-at="2026-03-18T14:31:27 IST" name="tearDown" finished-at="2026-03-18T14:31:27 IST" duration-ms="1" status="PASS">
          <reporter-output>
          </reporter-output>
        </test-method> <!-- tearDown -->
      </class> <!-- code.GoogleTitleTest -->
      <class name="code.InstagramTest">
        <test-method is-config="true" signature="setUp(java.lang.String)[pri:0, instance:code.InstagramTest@13c9d689]" started-at="2026-03-18T14:31:27 IST" name="setUp" finished-at="2026-03-18T14:31:34 IST" duration-ms="6404" status="PASS">
          <params>
            <param index="0">
              <value>
                <![CDATA[firefox]]>
              </value>
            </param>
          </params>
          <reporter-output>
          </reporter-output>
        </test-method> <!-- setUp -->
        <test-method signature="LoginTests()[pri:0, instance:code.InstagramTest@13c9d689]" started-at="2026-03-18T14:31:34 IST" name="LoginTests" finished-at="2026-03-18T14:31:37 IST" duration-ms="3399" status="PASS">
          <reporter-output>
          </reporter-output>
        </test-method> <!-- LoginTests -->
        <test-method is-config="true" signature="tearDown()[pri:0, instance:code.InstagramTest@13c9d689]" started-at="2026-03-18T14:31:37 IST" name="tearDown" finished-at="2026-03-18T14:31:37 IST" duration-ms="0" status="PASS">
          <reporter-output>
          </reporter-output>
        </test-method> <!-- tearDown -->
      </class> <!-- code.InstagramTest -->
    </test> <!-- Test1 -->
  </suite> <!-- Suite -->
</testng-results>
